<?xml version="1.0" encoding="UTF-8"?>
<!-- Generated by org.testng.reporters.JUnitReportReporter -->
<testsuite skipped="0" hostname="santra-WX-1" name="testRest.TestPostRequest" tests="1" failures="0" timestamp="21 Aug 2018 20:29:44 GMT" time="0.701" errors="0">
  <testcase name="testPostReq" time="0.701" classname="testRest.TestPostRequest"/>
</testsuite> <!-- testRest.TestPostRequest -->
