<?xml version="1.0" encoding="UTF-8"?>
<!-- Generated by org.testng.reporters.JUnitReportReporter -->
<testsuite skipped="0" hostname="santra-WX-1" name="testRest.Test5_ResponseInDiffWays" tests="5" failures="0" timestamp="21 Aug 2018 20:29:44 GMT" time="9.789" errors="0">
  <testcase name="testGetResponseAsString" time="0.485" classname="testRest.Test5_ResponseInDiffWays"/>
  <testcase name="testExtractDetailsUsingPath" time="2.320" classname="testRest.Test5_ResponseInDiffWays"/>
  <testcase name="testExtractPathInOneline" time="5.509" classname="testRest.Test5_ResponseInDiffWays"/>
  <testcase name="testGetResponseAsInputStream" time="0.905" classname="testRest.Test5_ResponseInDiffWays"/>
  <testcase name="testExtractUsingResponse" time="0.570" classname="testRest.Test5_ResponseInDiffWays"/>
</testsuite> <!-- testRest.Test5_ResponseInDiffWays -->
