<?xml version="1.0" encoding="UTF-8"?>
<!-- Generated by org.testng.reporters.JUnitReportReporter -->
<testsuite skipped="0" hostname="santra-WX-1" name="testRest.TestSetting_Root" tests="3" failures="0" timestamp="21 Aug 2018 20:29:44 GMT" time="1.832" errors="0">
  <testcase name="testWithRoot" time="0.575" classname="testRest.TestSetting_Root"/>
  <testcase name="testDetachRoot" time="0.779" classname="testRest.TestSetting_Root"/>
  <testcase name="testWithoutRoot" time="0.478" classname="testRest.TestSetting_Root"/>
</testsuite> <!-- testRest.TestSetting_Root -->
