<?xml version="1.0" encoding="UTF-8"?>
<!-- Generated by org.testng.reporters.JUnitReportReporter -->
<testsuite skipped="0" hostname="santra-WX-1" name="testRest.Test1_BasicFeaturesForXML" tests="5" failures="0" timestamp="21 Aug 2018 20:29:44 GMT" time="4.827" errors="0">
  <testcase name="testUsingXpath2" time="0.884" classname="testRest.Test1_BasicFeaturesForXML"/>
  <testcase name="testSingleContent" time="0.862" classname="testRest.Test1_BasicFeaturesForXML"/>
  <testcase name="testMultipleContent" time="0.919" classname="testRest.Test1_BasicFeaturesForXML"/>
  <testcase name="testCompleteTextInOneGo" time="1.194" classname="testRest.Test1_BasicFeaturesForXML"/>
  <testcase name="testUsingXpath1" time="0.968" classname="testRest.Test1_BasicFeaturesForXML"/>
</testsuite> <!-- testRest.Test1_BasicFeaturesForXML -->
