<?xml version="1.0" encoding="UTF-8"?>
<!-- Generated by org.testng.reporters.JUnitReportReporter -->
<testsuite skipped="0" hostname="santra-WX-1" name="testRest.Test3_SchemaCheck" tests="2" failures="0" timestamp="21 Aug 2018 20:29:44 GMT" time="1.402" errors="0">
  <testcase name="testContentType" time="0.570" classname="testRest.Test3_SchemaCheck"/>
  <testcase name="testSchema" time="0.832" classname="testRest.Test3_SchemaCheck"/>
</testsuite> <!-- testRest.Test3_SchemaCheck -->
