<?xml version="1.0" encoding="UTF-8"?>
<!-- Generated by org.testng.reporters.JUnitReportReporter -->
<testsuite skipped="0" hostname="santra-WX-1" name="testRest.Test6_GroovyFeatures" tests="3" failures="0" timestamp="21 Aug 2018 20:29:44 GMT" time="2.835" errors="0">
  <testcase name="testGetResponseAsList" time="0.564" classname="testRest.Test6_GroovyFeatures"/>
  <testcase name="testPreseneceOfElements" time="0.848" classname="testRest.Test6_GroovyFeatures"/>
  <testcase name="testLengthOfResponse" time="1.423" classname="testRest.Test6_GroovyFeatures"/>
</testsuite> <!-- testRest.Test6_GroovyFeatures -->
