<?xml version="1.0" encoding="UTF-8"?>
<!-- Generated by org.testng.reporters.JUnitReportReporter -->
<testsuite skipped="0" hostname="santra-WX-1" name="testRest.Test1_BasicFeatures" tests="6" failures="0" timestamp="21 Aug 2018 20:29:44 GMT" time="4.788" errors="0">
  <testcase name="testLogging" time="0.500" classname="testRest.Test1_BasicFeatures"/>
  <testcase name="testEqualToFunction" time="2.019" classname="testRest.Test1_BasicFeatures"/>
  <testcase name="testFeatureForReadability" time="0.515" classname="testRest.Test1_BasicFeatures"/>
  <testcase name="testHasItemFunction" time="0.984" classname="testRest.Test1_BasicFeatures"/>
  <testcase name="testParametersAndHeaders" time="0.523" classname="testRest.Test1_BasicFeatures"/>
  <testcase name="testStatusCode" time="0.247" classname="testRest.Test1_BasicFeatures"/>
</testsuite> <!-- testRest.Test1_BasicFeatures -->
