<?xml version="1.0" encoding="UTF-8"?>
<!-- Generated by org.testng.reporters.JUnitReportReporter -->
<testsuite skipped="0" hostname="santra-WX-1" name="com.restAssured.RestAssured.AppTest" tests="1" failures="0" timestamp="21 Aug 2018 20:29:44 GMT" time="0.000" errors="0">
  <testcase name="testApp" time="0.000" classname="com.restAssured.RestAssured.AppTest"/>
</testsuite> <!-- com.restAssured.RestAssured.AppTest -->
