<?xml version="1.0" encoding="UTF-8"?>
<!-- Generated by org.testng.reporters.JUnitReportReporter -->
<testsuite skipped="0" hostname="santra-WX-1" name="testRest.Test8_GetHeadersAndCookies" tests="3" failures="0" timestamp="22 Aug 2018 15:57:36 GMT" time="4.282" errors="0">
  <testcase name="testCookies" time="2.621" classname="testRest.Test8_GetHeadersAndCookies"/>
  <testcase name="testDetailedCookies" time="0.519" classname="testRest.Test8_GetHeadersAndCookies"/>
  <testcase name="testResponseHeaders" time="1.142" classname="testRest.Test8_GetHeadersAndCookies"/>
</testsuite> <!-- testRest.Test8_GetHeadersAndCookies -->
