<?xml version="1.0" encoding="UTF-8"?>
<!-- Generated by org.testng.reporters.JUnitReportReporter -->
<testsuite skipped="0" hostname="santra-WX-1" name="testRest.Test1_BasicFeatures" tests="6" failures="0" timestamp="20 Aug 2018 18:36:56 GMT" time="13.996" errors="0">
  <testcase name="testEqualToFunction" time="4.474" classname="testRest.Test1_BasicFeatures"/>
  <testcase name="testLogging" time="1.410" classname="testRest.Test1_BasicFeatures"/>
  <testcase name="testHasItemFunction" time="2.700" classname="testRest.Test1_BasicFeatures"/>
  <testcase name="testStatusCode" time="2.600" classname="testRest.Test1_BasicFeatures"/>
  <testcase name="testParametersAndHeaders" time="1.261" classname="testRest.Test1_BasicFeatures"/>
  <testcase name="testFeatureForReadability" time="1.551" classname="testRest.Test1_BasicFeatures"/>
</testsuite> <!-- testRest.Test1_BasicFeatures -->
