<?xml version="1.0" encoding="UTF-8"?>
<!-- Generated by org.testng.reporters.JUnitReportReporter -->
<testsuite hostname="phantom" failures="0" tests="3" name="testRest.Test8_GetHeadersAndCookies" time="8.864" errors="0" timestamp="25 Aug 2018 17:02:01 GMT" skipped="0">
  <testcase classname="testRest.Test8_GetHeadersAndCookies" name="testCookies" time="4.307"/>
  <testcase classname="testRest.Test8_GetHeadersAndCookies" name="testResponseHeaders" time="1.332"/>
  <testcase classname="testRest.Test8_GetHeadersAndCookies" name="testDetailedCookies" time="3.225"/>
</testsuite> <!-- testRest.Test8_GetHeadersAndCookies -->
