<?xml version="1.0" encoding="UTF-8"?>
<!-- Generated by org.testng.reporters.JUnitReportReporter -->
<testsuite skipped="0" hostname="santra-WX-1" name="testRest.Test6_GroovyFeatures" tests="4" failures="0" timestamp="22 Aug 2018 11:54:11 GMT" time="6.008" errors="0">
  <testcase name="testGetResponseAsList" time="0.537" classname="testRest.Test6_GroovyFeatures"/>
  <testcase name="testLengthOfResponse" time="0.589" classname="testRest.Test6_GroovyFeatures"/>
  <testcase name="testPreseneceOfElements" time="0.551" classname="testRest.Test6_GroovyFeatures"/>
  <testcase name="testConditionOnList" time="4.331" classname="testRest.Test6_GroovyFeatures"/>
</testsuite> <!-- testRest.Test6_GroovyFeatures -->
