<?xml version="1.0" encoding="UTF-8"?>
<!-- Generated by org.testng.reporters.JUnitReportReporter -->
<testsuite skipped="0" hostname="santra-WX-1" name="testRest.Test1_BasicFeaturesForXML" tests="5" failures="0" timestamp="20 Aug 2018 18:16:06 GMT" time="7.896" errors="0">
  <testcase name="testUsingXpath1" time="1.027" classname="testRest.Test1_BasicFeaturesForXML"/>
  <testcase name="testMultipleContent" time="1.020" classname="testRest.Test1_BasicFeaturesForXML"/>
  <testcase name="testUsingXpath2" time="1.430" classname="testRest.Test1_BasicFeaturesForXML"/>
  <testcase name="testCompleteTextInOneGo" time="3.546" classname="testRest.Test1_BasicFeaturesForXML"/>
  <testcase name="testSingleContent" time="0.873" classname="testRest.Test1_BasicFeaturesForXML"/>
</testsuite> <!-- testRest.Test1_BasicFeaturesForXML -->
