<?xml version="1.0" encoding="UTF-8"?>
<!-- Generated by org.testng.reporters.JUnitReportReporter -->
<testsuite skipped="0" hostname="santra-WX-1" name="testRest.Test3_SchemaCheck" tests="2" failures="0" timestamp="21 Aug 2018 19:05:49 GMT" time="2.658" errors="0">
  <testcase name="testContentType" time="1.619" classname="testRest.Test3_SchemaCheck"/>
  <testcase name="testSchema" time="1.039" classname="testRest.Test3_SchemaCheck"/>
</testsuite> <!-- testRest.Test3_SchemaCheck -->
