<?xml version="1.0" encoding="UTF-8"?>
<!-- Generated by org.testng.reporters.JUnitReportReporter -->
<testsuite skipped="0" hostname="santra-WX-1" name="testRest.TestSetting_Root" tests="3" failures="0" timestamp="21 Aug 2018 16:06:54 GMT" time="3.970" errors="0">
  <testcase name="testWithoutRoot" time="0.565" classname="testRest.TestSetting_Root"/>
  <testcase name="testWithRoot" time="0.553" classname="testRest.TestSetting_Root"/>
  <testcase name="testDetachRoot" time="2.852" classname="testRest.TestSetting_Root"/>
</testsuite> <!-- testRest.TestSetting_Root -->
