<?xml version="1.0" encoding="UTF-8"?>
<!-- Generated by org.testng.reporters.JUnitReportReporter -->
<testsuite skipped="0" hostname="santra-WX-1" name="testRest.Test5_ResponseInDiffWays" tests="5" failures="0" timestamp="21 Aug 2018 17:16:32 GMT" time="12.118" errors="0">
  <testcase name="testExtractPathInOneline" time="5.040" classname="testRest.Test5_ResponseInDiffWays"/>
  <testcase name="testGetResponseAsString" time="0.506" classname="testRest.Test5_ResponseInDiffWays"/>
  <testcase name="testGetResponseAsInputStream" time="0.917" classname="testRest.Test5_ResponseInDiffWays"/>
  <testcase name="testExtractDetailsUsingPath" time="5.020" classname="testRest.Test5_ResponseInDiffWays"/>
  <testcase name="testExtractUsingResponse" time="0.635" classname="testRest.Test5_ResponseInDiffWays"/>
</testsuite> <!-- testRest.Test5_ResponseInDiffWays -->
