<?xml version="1.0" encoding="UTF-8"?>
<!-- Generated by org.testng.reporters.JUnitReportReporter -->
<testsuite skipped="0" hostname="santra-WX-1" name="testRest.Test7_JsonPath" tests="4" failures="0" timestamp="22 Aug 2018 15:42:44 GMT" time="6.987" errors="0">
  <testcase name="testGetResponseAsList" time="0.561" classname="testRest.Test7_JsonPath"/>
  <testcase name="testJsonPath" time="2.698" classname="testRest.Test7_JsonPath"/>
  <testcase name="testConditionOnList" time="2.885" classname="testRest.Test7_JsonPath"/>
  <testcase name="testJsonPath2" time="0.843" classname="testRest.Test7_JsonPath"/>
</testsuite> <!-- testRest.Test7_JsonPath -->
