<?xml version="1.0" encoding="UTF-8"?>
<!-- Generated by org.testng.reporters.JUnitReportReporter -->
<testsuite skipped="0" hostname="santra-WX-1" name="testRest.Test9_SetRequestData" tests="5" failures="0" timestamp="22 Aug 2018 16:41:10 GMT" time="10.441" errors="0">
  <testcase name="testSetParameters" time="1.475" classname="testRest.Test9_SetRequestData"/>
  <testcase name="testConnectRequest" time="3.006" classname="testRest.Test9_SetRequestData"/>
  <testcase name="testFormParameters" time="1.812" classname="testRest.Test9_SetRequestData"/>
  <testcase name="testSetMultipleValueParameters" time="2.507" classname="testRest.Test9_SetRequestData"/>
  <testcase name="testQueryParameters" time="1.641" classname="testRest.Test9_SetRequestData"/>
</testsuite> <!-- testRest.Test9_SetRequestData -->
