<?xml version="1.0" encoding="UTF-8"?>
<!-- Generated by org.testng.reporters.JUnitReportReporter -->
<testsuite skipped="0" hostname="santra-WX-1" name="com.restAssured.RestAssured.AppTest" tests="1" failures="0" timestamp="20 Aug 2018 16:12:12 GMT" time="0.012" errors="0">
  <testcase name="testApp" time="0.012" classname="com.restAssured.RestAssured.AppTest"/>
</testsuite> <!-- com.restAssured.RestAssured.AppTest -->
